<?xml version="1.0" encoding="utf-8"?><testsuites name="pytest tests"><testsuite name="pytest" errors="0" failures="0" skipped="0" tests="3" time="2.283" timestamp="2026-08-18T04:33:59.417078+00:00" hostname="agent-env-20180f40-9845-4573-a650-ec7649900398"><testcase classname="tests.test_transitroute_api" name="test_health_and_vehicles" time="0.326" /><testcase classname="tests.test_transitroute_api" name="test_auth_cookies_and_customer_forbidden" time="0.488" /><testcase classname="tests.test_transitroute_api" name="test_admin_dashboard_and_booking_lifecycle" time="1.019" /></testsuite></testsuites>